2022-07-24 15:41:24:4124 - [32minfo[39m: [32maplicação de ts + express funcionando 3000[39m
2022-07-24 16:44:36:4436 - [32minfo[39m: [32maplicação de ts + express funcionando 3000[39m
2022-07-24 16:45:49:4549 - [32minfo[39m: [32mconectado[39m
2022-07-24 16:45:49:4549 - [32minfo[39m: [32maplicação de ts + express funcionando 3000[39m
2022-07-24 16:46:52:4652 - [32minfo[39m: [32mconectado[39m
2022-07-24 16:46:52:4652 - [32minfo[39m: [32maplicação de ts + express funcionando 3000[39m
2022-07-24 16:47:33:4733 - [31merror[39m: [31mnao connectou[39m
2022-07-24 16:47:33:4733 - [31merror[39m: [31mbad auth : Authentication failed.[39m
2022-07-24 16:47:33:4733 - [32minfo[39m: [32maplicação de ts + express funcionando 3000[39m
2022-07-24 16:48:05:485 - [32minfo[39m: [32mconectado[39m
2022-07-24 16:48:05:485 - [32minfo[39m: [32maplicação de ts + express funcionando 3000[39m
2022-07-24 16:48:31:4831 - [32minfo[39m: [32mconectado[39m
2022-07-24 16:48:31:4831 - [32minfo[39m: [32maplicação de ts + express funcionando 3000[39m
2022-07-24 17:05:31:531 - [32minfo[39m: [32mconectado[39m
2022-07-24 17:05:31:531 - [32minfo[39m: [32maplicação de ts + express funcionando 3000[39m
2022-07-24 17:08:23:823 - [32minfo[39m: [32mconectado[39m
2022-07-24 17:08:23:823 - [32minfo[39m: [32maplicação de ts + express funcionando 3000[39m
2022-07-24 17:12:47:1247 - [32minfo[39m: [32mconectado[39m
2022-07-24 17:12:47:1247 - [32minfo[39m: [32maplicação de ts + express funcionando 3000[39m
2022-07-24 17:14:23:1423 - [32minfo[39m: [32mconectado[39m
2022-07-24 17:14:23:1423 - [32minfo[39m: [32maplicação de ts + express funcionando 3000[39m
2022-07-24 17:15:02:152 - [32minfo[39m: [32mconectado[39m
2022-07-24 17:15:02:152 - [32minfo[39m: [32maplicação de ts + express funcionando 3000[39m
2022-07-24 17:15:55:1555 - [32minfo[39m: [32mconectado[39m
2022-07-24 17:15:55:1555 - [32minfo[39m: [32maplicação de ts + express funcionando 3000[39m
2022-07-24 17:16:56:1656 - [32minfo[39m: [32mconectado[39m
2022-07-24 17:16:56:1656 - [32minfo[39m: [32maplicação de ts + express funcionando 3000[39m
2022-07-24 17:18:10:1810 - [32minfo[39m: [32mconectado[39m
2022-07-24 17:18:10:1810 - [32minfo[39m: [32maplicação de ts + express funcionando 3000[39m
2022-07-24 17:20:43:2043 - [32minfo[39m: [32mconectado[39m
2022-07-24 17:20:43:2043 - [32minfo[39m: [32maplicação de ts + express funcionando 3000[39m
2022-07-25 09:09:07:97 - [31merror[39m: [31mnao connectou[39m
2022-07-25 11:16:39:1639 - [31merror[39m: [31mnao connectou[39m
2022-07-25 11:18:28:1828 - [31merror[39m: [31mnao connectou[39m
2022-07-25 11:25:16:2516 - [31merror[39m: [31mnao connectou[39m
2022-07-25 11:27:32:2732 - [31merror[39m: [31mnao connectou[39m
2022-07-25 11:38:16:3816 - [31merror[39m: [31mnao connectou[39m
2022-07-25 11:46:54:4654 - [31merror[39m: [31mnao connectou[39m
2022-07-25 11:48:12:4812 - [31merror[39m: [31mnao connectou[39m
2022-07-25 11:50:54:5054 - [31merror[39m: [31mnao connectou[39m
2022-07-25 11:52:35:5235 - [32minfo[39m: [32mconectado[39m
2022-07-25 11:52:35:5235 - [32minfo[39m: [32maplicação de ts + express funcionando 3000[39m
2022-07-25 12:09:30:930 - [32minfo[39m: [32mconectado[39m
2022-07-25 12:09:30:930 - [32minfo[39m: [32maplicação de ts + express funcionando 3000[39m
2022-07-25 12:16:13:1613 - [32minfo[39m: [32mconectado[39m
2022-07-25 12:16:13:1613 - [32minfo[39m: [32maplicação de ts + express funcionando 3000[39m
2022-07-25 12:16:37:1637 - [32minfo[39m: [32mconectado[39m
2022-07-25 12:16:37:1637 - [32minfo[39m: [32maplicação de ts + express funcionando 3000[39m
2022-07-25 12:33:58:3358 - [32minfo[39m: [32mconectado[39m
2022-07-25 12:33:58:3358 - [32minfo[39m: [32maplicação de ts + express funcionando 3000[39m
2022-07-25 12:34:31:3431 - [32minfo[39m: [32mconectado[39m
2022-07-25 12:34:31:3431 - [32minfo[39m: [32maplicação de ts + express funcionando 3000[39m
2022-07-25 13:02:30:230 - [32minfo[39m: [32mconectado[39m
2022-07-25 13:02:30:230 - [32minfo[39m: [32maplicação de ts + express funcionando 3000[39m
2022-07-25 13:05:19:519 - [32minfo[39m: [32mconectado[39m
2022-07-25 13:05:19:519 - [32minfo[39m: [32maplicação de ts + express funcionando 3000[39m
2022-07-25 13:11:18:1118 - [32minfo[39m: [32mconectado[39m
2022-07-25 13:11:19:1119 - [32minfo[39m: [32maplicação de ts + express funcionando 3000[39m
2022-07-25 13:15:00:150 - [32minfo[39m: [32mconectado[39m
2022-07-25 13:15:00:150 - [32minfo[39m: [32maplicação de ts + express funcionando 3000[39m
2022-07-25 13:15:16:1516 - [32minfo[39m: [32mconectado[39m
2022-07-25 13:15:16:1516 - [32minfo[39m: [32maplicação de ts + express funcionando 3000[39m
2022-07-25 13:20:49:2049 - [32minfo[39m: [32mconectado[39m
2022-07-25 13:20:49:2049 - [32minfo[39m: [32maplicação de ts + express funcionando 3000[39m
2022-07-25 13:26:21:2621 - [32minfo[39m: [32mconectado[39m
2022-07-25 13:26:21:2621 - [32minfo[39m: [32maplicação de ts + express funcionando 3000[39m
2022-07-25 13:29:10:2910 - [32minfo[39m: [32mconectado[39m
2022-07-25 13:29:10:2910 - [32minfo[39m: [32maplicação de ts + express funcionando 3000[39m
2022-07-25 13:33:42:3342 - [32minfo[39m: [32mconectado[39m
2022-07-25 13:33:42:3342 - [32minfo[39m: [32maplicação de ts + express funcionando 3000[39m
2022-07-25 13:41:31:4131 - [32minfo[39m: [32mconectado[39m
2022-07-25 13:41:31:4131 - [32minfo[39m: [32maplicação de ts + express funcionando 3000[39m
2022-07-25 13:46:57:4657 - [32minfo[39m: [32mconectado[39m
2022-07-25 13:46:57:4657 - [32minfo[39m: [32maplicação de ts + express funcionando 3000[39m
2022-07-25 13:49:24:4924 - [32minfo[39m: [32mconectado[39m
2022-07-25 13:49:24:4924 - [32minfo[39m: [32maplicação de ts + express funcionando 3000[39m
2022-07-25 13:50:44:5044 - [32minfo[39m: [32mconectado[39m
2022-07-25 13:50:44:5044 - [32minfo[39m: [32maplicação de ts + express funcionando 3000[39m
2022-07-25 13:50:55:5055 - [31merror[39m: [31merro no sistema: movie is not defined[39m
2022-07-25 13:51:22:5122 - [32minfo[39m: [32mconectado[39m
2022-07-25 13:51:22:5122 - [32minfo[39m: [32maplicação de ts + express funcionando 3000[39m
2022-07-25 14:09:19:919 - [32minfo[39m: [32mconectado[39m
2022-07-25 14:09:19:919 - [32minfo[39m: [32maplicação de ts + express funcionando 3000[39m
2022-07-25 14:11:52:1152 - [32minfo[39m: [32mconectado[39m
2022-07-25 14:11:53:1153 - [32minfo[39m: [32maplicação de ts + express funcionando 3000[39m
2022-07-25 14:13:05:135 - [32minfo[39m: [32mconectado[39m
2022-07-25 14:13:05:135 - [32minfo[39m: [32maplicação de ts + express funcionando 3000[39m
2022-07-25 14:17:25:1725 - [32minfo[39m: [32mconectado[39m
2022-07-25 14:17:25:1725 - [32minfo[39m: [32maplicação de ts + express funcionando 3000[39m
2022-07-25 14:23:19:2319 - [32minfo[39m: [32mconectado[39m
2022-07-25 14:23:19:2319 - [32minfo[39m: [32maplicação de ts + express funcionando 3000[39m
2022-07-25 14:27:33:2733 - [32minfo[39m: [32mconectado[39m
2022-07-25 14:27:33:2733 - [32minfo[39m: [32maplicação de ts + express funcionando 3000[39m
2022-07-25 14:33:41:3341 - [32minfo[39m: [32mconectado[39m
2022-07-25 14:33:41:3341 - [32minfo[39m: [32maplicação de ts + express funcionando 3000[39m
2022-07-25 14:35:30:3530 - [32minfo[39m: [32mconectado[39m
2022-07-25 14:35:30:3530 - [32minfo[39m: [32maplicação de ts + express funcionando 3000[39m
2022-07-25 14:36:03:363 - [32minfo[39m: [32mconectado[39m
2022-07-25 14:36:03:363 - [32minfo[39m: [32maplicação de ts + express funcionando 3000[39m
2022-07-25 14:37:30:3730 - [32minfo[39m: [32mconectado[39m
2022-07-25 14:37:30:3730 - [32minfo[39m: [32maplicação de ts + express funcionando 3000[39m
2022-07-25 14:46:08:468 - [32minfo[39m: [32mconectado[39m
2022-07-25 14:46:08:468 - [32minfo[39m: [32maplicação de ts + express funcionando 3000[39m
2022-07-25 14:46:45:4645 - [32minfo[39m: [32mconectado[39m
2022-07-25 14:46:46:4646 - [32minfo[39m: [32maplicação de ts + express funcionando 3000[39m
2022-07-25 14:50:05:505 - [32minfo[39m: [32mconectado[39m
2022-07-25 14:50:06:506 - [32minfo[39m: [32maplicação de ts + express funcionando 3000[39m
